This file contains any messages produced by compilers while
running configure, to aid debugging if configure makes a mistake.

It was created by chirp_fm configure 1.0.0, which was
generated by GNU Autoconf 2.63.  Invocation command line was

  $ ./configure 

## --------- ##
## Platform. ##
## --------- ##

hostname = localhost.localdomain
uname -m = x86_64
uname -r = 2.6.32-573.12.1.el6.x86_64
uname -s = Linux
uname -v = #1 SMP Tue Dec 15 21:19:08 UTC 2015

/usr/bin/uname -p = unknown
/bin/uname -X     = unknown

/bin/arch              = x86_64
/usr/bin/arch -k       = unknown
/usr/convex/getsysinfo = unknown
/usr/bin/hostinfo      = unknown
/bin/machine           = unknown
/usr/bin/oslevel       = unknown
/bin/universe          = unknown

PATH: /usr/local/redhawk/core/bin/
PATH: /usr/lib/jvm/java/bin
PATH: /usr/local/redhawk/core/bin
PATH: /usr/lib64/qt-3.3/bin
PATH: /usr/local/bin
PATH: /usr/bin
PATH: /bin
PATH: /usr/local/sbin
PATH: /usr/sbin
PATH: /sbin
PATH: /home/btgoodwin/bin


## ----------- ##
## Core tests. ##
## ----------- ##

configure:1835: checking for a BSD-compatible install
configure:1903: result: /usr/bin/install -c
configure:1914: checking whether build environment is sane
configure:1974: result: yes
configure:2115: checking for a thread-safe mkdir -p
configure:2154: result: /bin/mkdir -p
configure:2167: checking for gawk
configure:2183: found /usr/bin/gawk
configure:2194: result: gawk
configure:2205: checking whether make sets $(MAKE)
configure:2227: result: yes
configure:2325: checking for a BSD-compatible install
configure:2393: result: /usr/bin/install -c
configure:2454: checking for pkg-config
configure:2472: found /usr/bin/pkg-config
configure:2484: result: /usr/bin/pkg-config
configure:2509: checking pkg-config is at least version 0.9.0
configure:2512: result: yes
configure:2523: checking for omniORB4
configure:2529: $PKG_CONFIG --exists --print-errors "omniORB4 >= 4.0.0"
configure:2532: $? = 0
configure:2539: result: yes
configure:2584: checking for ossie home
configure:2615: result: /usr/local/redhawk/core
configure:2622: checking to see ossie is installed
configure:2632: checking for sdr root
configure:2655: result: /var/redhawk/sdr
configure:2674: using /var/redhawk/sdr/ as installation prefix
configure:2714: checking for a Python interpreter with version >= 2.4
configure:2731: python -c import sys # split strings by '.' and convert to numeric. Append some zeros # because we need at least 4 digits for the hex conversion. # map returns an iterator in Python 3.0 and a list in 2.x minver = list(map(int, '2.4'.split('.'))) + [0, 0, 0] minverhex = 0 # xrange is not present in Python 3.0 and range returns an iterator for i in list(range(0, 4)): minverhex = (minverhex << 8) + minver[i] sys.exit(sys.hexversion < minverhex)
configure:2734: $? = 0
configure:2741: result: python
configure:2749: checking for python
configure:2767: found /usr/bin/python
configure:2779: result: /usr/bin/python
configure:2799: checking for python version
configure:2806: result: 2.6
configure:2818: checking for python platform
configure:2825: result: linux2
configure:2832: checking for python script directory
configure:2861: result: ${prefix}lib/python2.6/site-packages
configure:2870: checking for python extension module directory
configure:2899: result: ${exec_prefix}lib64/python2.6/site-packages
configure:2915: checking for OSSIE
configure:2923: $PKG_CONFIG --exists --print-errors "ossie >= 2.0"
configure:2926: $? = 0
configure:2941: $PKG_CONFIG --exists --print-errors "ossie >= 2.0"
configure:2944: $? = 0
configure:3022: result: yes
configure:3028: checking for python module ossie
configure:3043: result: yes
configure:3057: checking for OMNIORB
configure:3065: $PKG_CONFIG --exists --print-errors "omniORB4 >= 4.1.0"
configure:3068: $? = 0
configure:3083: $PKG_CONFIG --exists --print-errors "omniORB4 >= 4.1.0"
configure:3086: $? = 0
configure:3164: result: yes
configure:3170: checking for python module omniORB
configure:3185: result: yes
configure:3200: checking for bulkio
configure:3208: $PKG_CONFIG --exists --print-errors "bulkio >= 2.0"
configure:3211: $? = 0
configure:3226: $PKG_CONFIG --exists --print-errors "bulkio >= 2.0"
configure:3229: $? = 0
configure:3307: result: yes
configure:3313: checking for python module bulkio
configure:3328: result: yes
configure:3483: creating ./config.status

## ---------------------- ##
## Running config.status. ##
## ---------------------- ##

This file was extended by chirp_fm config.status 1.0.0, which was
generated by GNU Autoconf 2.63.  Invocation command line was

  CONFIG_FILES    = 
  CONFIG_HEADERS  = 
  CONFIG_LINKS    = 
  CONFIG_COMMANDS = 
  $ ./config.status 

on localhost.localdomain

config.status:681: creating Makefile

## ---------------- ##
## Cache variables. ##
## ---------------- ##

ac_cv_corba_omniorb4=yes
ac_cv_env_OMNIORB_CFLAGS_set=
ac_cv_env_OMNIORB_CFLAGS_value=
ac_cv_env_OMNIORB_LIBS_set=
ac_cv_env_OMNIORB_LIBS_value=
ac_cv_env_OSSIE_CFLAGS_set=
ac_cv_env_OSSIE_CFLAGS_value=
ac_cv_env_OSSIE_LIBS_set=
ac_cv_env_OSSIE_LIBS_value=
ac_cv_env_PKG_CONFIG_set=
ac_cv_env_PKG_CONFIG_value=
ac_cv_env_build_alias_set=
ac_cv_env_build_alias_value=
ac_cv_env_bulkio_CFLAGS_set=
ac_cv_env_bulkio_CFLAGS_value=
ac_cv_env_bulkio_LIBS_set=
ac_cv_env_bulkio_LIBS_value=
ac_cv_env_host_alias_set=
ac_cv_env_host_alias_value=
ac_cv_env_target_alias_set=
ac_cv_env_target_alias_value=
ac_cv_path_PYTHON=/usr/bin/python
ac_cv_path_ac_pt_PKG_CONFIG=/usr/bin/pkg-config
ac_cv_path_install='/usr/bin/install -c'
ac_cv_path_mkdir=/bin/mkdir
ac_cv_prog_AWK=gawk
ac_cv_prog_make_make_set=yes
ac_cv_pymod_bulkio=yes
ac_cv_pymod_omniORB=yes
ac_cv_pymod_ossie=yes
am_cv_pathless_PYTHON=python
am_cv_python_platform=linux2
am_cv_python_pyexecdir='${exec_prefix}lib64/python2.6/site-packages'
am_cv_python_pythondir='${prefix}lib/python2.6/site-packages'
am_cv_python_version=2.6
ossie_cv_ossie_home=/usr/local/redhawk/core
ossie_cv_sdr_root=/var/redhawk/sdr
pkg_cv_OMNIORB_CFLAGS='-D__x86_64__ -D__linux__ -D__OSVERSION__=2  '
pkg_cv_OMNIORB_LIBS='-lomniORB4 -lomnithread  '
pkg_cv_OSSIE_CFLAGS='-D__x86_64__ -D__linux__ -D__OSVERSION__=2 -DENABLE_EVENTS=1 -I/usr/local/redhawk/core/include -I/usr/local/redhawk/core/include/ossie -I/usr/local/redhawk/core/share/idl  '
pkg_cv_OSSIE_LIBS='-L/usr/local/redhawk/core/lib64 -lossiecf -lossieidl -lCOS4 -lomniDynamic4 -lomniORB4 -lomnithread  '
pkg_cv_bulkio_CFLAGS='-D__x86_64__ -D__linux__ -D__OSVERSION__=2 -DENABLE_EVENTS=1 -I/usr/local/redhawk/core/include/bulkio -I/usr/local/redhawk/core/include/ossie -I/usr/local/redhawk/core/include -I/usr/local/redhawk/core/share/idl  '
pkg_cv_bulkio_LIBS='-L/usr/local/redhawk/core/lib64 -lbulkio-2.0 -lbulkioInterfaces -lossiecf -lossieidl -lCOS4 -lomniDynamic4 -lomniORB4 -lomnithread  '

## ----------------- ##
## Output variables. ##
## ----------------- ##

ACLOCAL='${SHELL} /home/btgoodwin/redhawk_workspace/chirp_fm/python/missing --run aclocal-1.11'
AMTAR='${SHELL} /home/btgoodwin/redhawk_workspace/chirp_fm/python/missing --run tar'
AUTOCONF='${SHELL} /home/btgoodwin/redhawk_workspace/chirp_fm/python/missing --run autoconf'
AUTOHEADER='${SHELL} /home/btgoodwin/redhawk_workspace/chirp_fm/python/missing --run autoheader'
AUTOMAKE='${SHELL} /home/btgoodwin/redhawk_workspace/chirp_fm/python/missing --run automake-1.11'
AWK='gawk'
CORBA_ORB='omniORB4'
CYGPATH_W='echo'
DEFS='-DPACKAGE_NAME=\"chirp_fm\" -DPACKAGE_TARNAME=\"chirp_fm\" -DPACKAGE_VERSION=\"1.0.0\" -DPACKAGE_STRING=\"chirp_fm\ 1.0.0\" -DPACKAGE_BUGREPORT=\"\" -DPACKAGE=\"chirp_fm\" -DVERSION=\"1.0.0\" -DHAVE_OMNIORB4=1'
ECHO_C=''
ECHO_N='-n'
ECHO_T=''
INSTALL_DATA='${INSTALL} -m 644'
INSTALL_PROGRAM='${INSTALL}'
INSTALL_SCRIPT='${INSTALL}'
INSTALL_STRIP_PROGRAM='$(install_sh) -c -s'
LIBOBJS=''
LIBS=''
LTLIBOBJS=''
MAKEINFO='${SHELL} /home/btgoodwin/redhawk_workspace/chirp_fm/python/missing --run makeinfo'
MKDIR_P='/bin/mkdir -p'
OMNIORB_CFLAGS='-D__x86_64__ -D__linux__ -D__OSVERSION__=2  '
OMNIORB_LIBS='-lomniORB4 -lomnithread  '
OSSIE_CFLAGS='-D__x86_64__ -D__linux__ -D__OSVERSION__=2 -DENABLE_EVENTS=1 -I/usr/local/redhawk/core/include -I/usr/local/redhawk/core/include/ossie -I/usr/local/redhawk/core/share/idl  '
OSSIE_HOME='/usr/local/redhawk/core'
OSSIE_LIBS='-L/usr/local/redhawk/core/lib64 -lossiecf -lossieidl -lCOS4 -lomniDynamic4 -lomniORB4 -lomnithread  '
PACKAGE='chirp_fm'
PACKAGE_BUGREPORT=''
PACKAGE_NAME='chirp_fm'
PACKAGE_STRING='chirp_fm 1.0.0'
PACKAGE_TARNAME='chirp_fm'
PACKAGE_VERSION='1.0.0'
PATH_SEPARATOR=':'
PKG_CONFIG='/usr/bin/pkg-config'
PYTHON='/usr/bin/python'
PYTHON_EXEC_PREFIX='${exec_prefix}'
PYTHON_PLATFORM='linux2'
PYTHON_PREFIX='${prefix}'
PYTHON_VERSION='2.6'
SDR_ROOT='/var/redhawk/sdr'
SET_MAKE=''
SHELL='/bin/sh'
STRIP=''
VERSION='1.0.0'
am__isrc=''
am__leading_dot='.'
am__tar='${AMTAR} chof - "$$tardir"'
am__untar='${AMTAR} xf -'
bindir='${exec_prefix}/bin'
build_alias=''
bulkio_CFLAGS='-D__x86_64__ -D__linux__ -D__OSVERSION__=2 -DENABLE_EVENTS=1 -I/usr/local/redhawk/core/include/bulkio -I/usr/local/redhawk/core/include/ossie -I/usr/local/redhawk/core/include -I/usr/local/redhawk/core/share/idl  '
bulkio_LIBS='-L/usr/local/redhawk/core/lib64 -lbulkio-2.0 -lbulkioInterfaces -lossiecf -lossieidl -lCOS4 -lomniDynamic4 -lomniORB4 -lomnithread  '
datadir='${datarootdir}'
datarootdir='${prefix}/share'
docdir='${datarootdir}/doc/${PACKAGE_TARNAME}'
dvidir='${docdir}'
exec_prefix='${prefix}'
host_alias=''
htmldir='${docdir}'
includedir='${prefix}/include'
infodir='${datarootdir}/info'
install_sh='${SHELL} /home/btgoodwin/redhawk_workspace/chirp_fm/python/install-sh'
libdir='${exec_prefix}/lib'
libexecdir='${exec_prefix}/libexec'
localedir='${datarootdir}/locale'
localstatedir='${prefix}/var'
mandir='${datarootdir}/man'
mkdir_p='/bin/mkdir -p'
oldincludedir='/usr/include'
pdfdir='${docdir}'
pkgpyexecdir='${pyexecdir}/chirp_fm'
pkgpythondir='${pythondir}/chirp_fm'
prefix='/var/redhawk/sdr/'
program_transform_name='s,x,x,'
psdir='${docdir}'
pyexecdir='${exec_prefix}lib64/python2.6/site-packages'
pythondir='${prefix}lib/python2.6/site-packages'
sbindir='${exec_prefix}/sbin'
sharedstatedir='${prefix}/com'
sysconfdir='${prefix}/etc'
target_alias=''

## ----------- ##
## confdefs.h. ##
## ----------- ##

#define PACKAGE_NAME "chirp_fm"
#define PACKAGE_TARNAME "chirp_fm"
#define PACKAGE_VERSION "1.0.0"
#define PACKAGE_STRING "chirp_fm 1.0.0"
#define PACKAGE_BUGREPORT ""
#define PACKAGE "chirp_fm"
#define VERSION "1.0.0"
#define HAVE_OMNIORB4 1

configure: exit 0
